0 info it worked if it ends with ok
1 verbose cli [ '/usr/bin/nodejs',
1 verbose cli   '/usr/bin/npm',
1 verbose cli   'install',
1 verbose cli   'bootstrap',
1 verbose cli   '--save-dev' ]
2 info using npm@3.5.2
3 info using node@v4.2.6
4 verbose config Skipping project config: /home/beth/.npmrc. (matches userconfig)
5 silly loadCurrentTree Starting
6 silly install loadCurrentTree
7 silly install readLocalPackageData
8 silly fetchPackageMetaData bootstrap
9 silly fetchNamedPackageData bootstrap
10 silly mapToRegistry name bootstrap
11 silly mapToRegistry using default registry
12 silly mapToRegistry registry https://registry.npmjs.org/
13 silly mapToRegistry uri https://registry.npmjs.org/bootstrap
14 verbose request uri https://registry.npmjs.org/bootstrap
15 verbose request no auth needed
16 info attempt registry request try #1 at 10:04:12 AM
17 verbose request id 0a54b2fb942786be
18 verbose etag W/"eedfa2519fc873202e7360c4fb3b8828"
19 verbose lastModified Sat, 26 May 2018 18:47:19 GMT
20 http request GET https://registry.npmjs.org/bootstrap
21 http 304 https://registry.npmjs.org/bootstrap
22 verbose headers { date: 'Wed, 06 Jun 2018 14:04:12 GMT',
22 verbose headers   connection: 'keep-alive',
22 verbose headers   'set-cookie': [ '__cfduid=d0888aa800837f1ad57aafdb79db0bdf11528293852; expires=Thu, 06-Jun-19 14:04:12 GMT; path=/; domain=.registry.npmjs.org; HttpOnly' ],
22 verbose headers   'cache-control': 'max-age=300',
22 verbose headers   'cf-cache-status': 'HIT',
22 verbose headers   'cf-ray': '426b6d42e89b55dc-ORD',
22 verbose headers   etag: '"eedfa2519fc873202e7360c4fb3b8828"',
22 verbose headers   'expect-ct': 'max-age=604800, report-uri="https://report-uri.cloudflare.com/cdn-cgi/beacon/expect-ct"',
22 verbose headers   'last-modified': 'Sat, 26 May 2018 18:47:19 GMT',
22 verbose headers   vary: 'accept-encoding, accept',
22 verbose headers   server: 'cloudflare' }
23 silly get cb [ 304,
23 silly get   { date: 'Wed, 06 Jun 2018 14:04:12 GMT',
23 silly get     connection: 'keep-alive',
23 silly get     'set-cookie': [ '__cfduid=d0888aa800837f1ad57aafdb79db0bdf11528293852; expires=Thu, 06-Jun-19 14:04:12 GMT; path=/; domain=.registry.npmjs.org; HttpOnly' ],
23 silly get     'cache-control': 'max-age=300',
23 silly get     'cf-cache-status': 'HIT',
23 silly get     'cf-ray': '426b6d42e89b55dc-ORD',
23 silly get     etag: '"eedfa2519fc873202e7360c4fb3b8828"',
23 silly get     'expect-ct': 'max-age=604800, report-uri="https://report-uri.cloudflare.com/cdn-cgi/beacon/expect-ct"',
23 silly get     'last-modified': 'Sat, 26 May 2018 18:47:19 GMT',
23 silly get     vary: 'accept-encoding, accept',
23 silly get     server: 'cloudflare' } ]
24 verbose etag https://registry.npmjs.org/bootstrap from cache
25 verbose get saving bootstrap to /home/beth/.npm/registry.npmjs.org/bootstrap/.cache.json
26 silly install normalizeTree
27 silly loadCurrentTree Finishing
28 silly loadIdealTree Starting
29 silly install loadIdealTree
30 silly cloneCurrentTree Starting
31 silly install cloneCurrentTreeToIdealTree
32 silly cloneCurrentTree Finishing
33 silly loadShrinkwrap Starting
34 silly install loadShrinkwrap
35 silly loadShrinkwrap Finishing
36 silly loadAllDepsIntoIdealTree Starting
37 silly install loadAllDepsIntoIdealTree
38 silly resolveWithNewModule bootstrap@4.1.1 checking installable status
39 silly cache add args [ 'bootstrap', null ]
40 verbose cache add spec bootstrap
41 silly cache add parsed spec Result {
41 silly cache add   raw: 'bootstrap',
41 silly cache add   scope: null,
41 silly cache add   name: 'bootstrap',
41 silly cache add   rawSpec: '',
41 silly cache add   spec: 'latest',
41 silly cache add   type: 'tag' }
42 silly addNamed bootstrap@latest
43 verbose addNamed "latest" is being treated as a dist-tag for bootstrap
44 info addNameTag [ 'bootstrap', 'latest' ]
45 silly mapToRegistry name bootstrap
46 silly mapToRegistry using default registry
47 silly mapToRegistry registry https://registry.npmjs.org/
48 silly mapToRegistry uri https://registry.npmjs.org/bootstrap
49 verbose addNameTag registry:https://registry.npmjs.org/bootstrap not in flight; fetching
50 verbose get https://registry.npmjs.org/bootstrap not expired, no request
51 silly addNameTag next cb for bootstrap with tag latest
52 silly addNamed bootstrap@4.1.1
53 verbose addNamed "4.1.1" is a plain semver version for bootstrap
54 silly cache afterAdd bootstrap@4.1.1
55 verbose afterAdd /home/beth/.npm/bootstrap/4.1.1/package/package.json not in flight; writing
56 verbose afterAdd /home/beth/.npm/bootstrap/4.1.1/package/package.json written
57 silly loadAllDepsIntoIdealTree Finishing
58 silly idealTree:prePrune beth
58 silly idealTree:prePrune ├── accepts@1.3.5
58 silly idealTree:prePrune ├── ajv@5.5.2
58 silly idealTree:prePrune ├── ansi-gray@0.1.1
58 silly idealTree:prePrune ├── ansi-regex@2.1.1
58 silly idealTree:prePrune ├── ansi-styles@2.2.1
58 silly idealTree:prePrune ├── ansi-wrap@0.1.0
58 silly idealTree:prePrune ├── archy@1.0.0
58 silly idealTree:prePrune ├── arr-diff@4.0.0
58 silly idealTree:prePrune ├── arr-flatten@1.1.0
58 silly idealTree:prePrune ├── arr-union@3.1.0
58 silly idealTree:prePrune ├── array-differ@1.0.0
58 silly idealTree:prePrune ├── array-each@1.0.1
58 silly idealTree:prePrune ├── array-flatten@2.1.1
58 silly idealTree:prePrune ├── array-slice@1.1.0
58 silly idealTree:prePrune ├── array-uniq@1.0.3
58 silly idealTree:prePrune ├── array-unique@0.3.2
58 silly idealTree:prePrune ├── asn1@0.2.3
58 silly idealTree:prePrune ├── assert-plus@1.0.0
58 silly idealTree:prePrune ├── assign-symbols@1.0.0
58 silly idealTree:prePrune ├── asynckit@0.4.0
58 silly idealTree:prePrune ├── atob@2.1.1
58 silly idealTree:prePrune ├── aws-sign2@0.7.0
58 silly idealTree:prePrune ├── aws4@1.7.0
58 silly idealTree:prePrune ├── balanced-match@1.0.0
58 silly idealTree:prePrune ├─┬ base@0.11.2
58 silly idealTree:prePrune │ ├── define-property@1.0.0
58 silly idealTree:prePrune │ ├── is-accessor-descriptor@1.0.0
58 silly idealTree:prePrune │ ├── is-data-descriptor@1.0.0
58 silly idealTree:prePrune │ └── is-descriptor@1.0.2
58 silly idealTree:prePrune ├── bcrypt-pbkdf@1.0.1
58 silly idealTree:prePrune ├── beeper@1.1.1
58 silly idealTree:prePrune ├─┬ body-parser@1.18.2
58 silly idealTree:prePrune │ └── qs@6.5.1
58 silly idealTree:prePrune ├── bootstrap@4.1.1
58 silly idealTree:prePrune ├── brace-expansion@1.1.11
58 silly idealTree:prePrune ├─┬ braces@2.3.2
58 silly idealTree:prePrune │ └── extend-shallow@2.0.1
58 silly idealTree:prePrune ├── bytes@3.0.0
58 silly idealTree:prePrune ├── cache-base@1.0.1
58 silly idealTree:prePrune ├── caseless@0.12.0
58 silly idealTree:prePrune ├── chalk@1.1.3
58 silly idealTree:prePrune ├─┬ class-utils@0.3.6
58 silly idealTree:prePrune │ └── define-property@0.2.5
58 silly idealTree:prePrune ├── clone-stats@0.0.1
58 silly idealTree:prePrune ├── clone@1.0.4
58 silly idealTree:prePrune ├── co@4.6.0
58 silly idealTree:prePrune ├── collection-visit@1.0.0
58 silly idealTree:prePrune ├── color-support@1.1.3
58 silly idealTree:prePrune ├── combined-stream@1.0.6
58 silly idealTree:prePrune ├── component-emitter@1.2.1
58 silly idealTree:prePrune ├── concat-map@0.0.1
58 silly idealTree:prePrune ├── content-disposition@0.5.2
58 silly idealTree:prePrune ├── content-type@1.0.4
58 silly idealTree:prePrune ├── cookie-signature@1.0.6
58 silly idealTree:prePrune ├── cookie@0.3.1
58 silly idealTree:prePrune ├── copy-descriptor@0.1.1
58 silly idealTree:prePrune ├── core-util-is@1.0.2
58 silly idealTree:prePrune ├── curl@0.1.4
58 silly idealTree:prePrune ├── dargs@5.1.0
58 silly idealTree:prePrune ├── dashdash@1.14.1
58 silly idealTree:prePrune ├── dateformat@2.2.0
58 silly idealTree:prePrune ├── debug@2.6.9
58 silly idealTree:prePrune ├── decode-uri-component@0.2.0
58 silly idealTree:prePrune ├── defaults@1.0.3
58 silly idealTree:prePrune ├─┬ define-property@2.0.2
58 silly idealTree:prePrune │ ├── is-accessor-descriptor@1.0.0
58 silly idealTree:prePrune │ ├── is-data-descriptor@1.0.0
58 silly idealTree:prePrune │ └── is-descriptor@1.0.2
58 silly idealTree:prePrune ├── delayed-stream@1.0.0
58 silly idealTree:prePrune ├── depd@1.1.2
58 silly idealTree:prePrune ├── deprecated@0.0.1
58 silly idealTree:prePrune ├── destroy@1.0.4
58 silly idealTree:prePrune ├── detect-file@1.0.0
58 silly idealTree:prePrune ├── duplexer2@0.0.2
58 silly idealTree:prePrune ├── ecc-jsbn@0.1.1
58 silly idealTree:prePrune ├── ee-first@1.1.1
58 silly idealTree:prePrune ├── encodeurl@1.0.2
58 silly idealTree:prePrune ├── end-of-stream@0.1.5
58 silly idealTree:prePrune ├── escape-html@1.0.3
58 silly idealTree:prePrune ├── escape-string-regexp@1.0.5
58 silly idealTree:prePrune ├── etag@1.8.1
58 silly idealTree:prePrune ├─┬ expand-brackets@2.1.4
58 silly idealTree:prePrune │ ├── define-property@0.2.5
58 silly idealTree:prePrune │ └── extend-shallow@2.0.1
58 silly idealTree:prePrune ├── expand-tilde@2.0.2
58 silly idealTree:prePrune ├─┬ express@4.16.3
58 silly idealTree:prePrune │ ├── array-flatten@1.1.1
58 silly idealTree:prePrune │ ├── qs@6.5.1
58 silly idealTree:prePrune │ └── safe-buffer@5.1.1
58 silly idealTree:prePrune ├─┬ extend-shallow@3.0.2
58 silly idealTree:prePrune │ └── is-extendable@1.0.1
58 silly idealTree:prePrune ├── extend@3.0.1
58 silly idealTree:prePrune ├─┬ extglob@2.0.4
58 silly idealTree:prePrune │ ├── define-property@1.0.0
58 silly idealTree:prePrune │ ├── extend-shallow@2.0.1
58 silly idealTree:prePrune │ ├── is-accessor-descriptor@1.0.0
58 silly idealTree:prePrune │ ├── is-data-descriptor@1.0.0
58 silly idealTree:prePrune │ └── is-descriptor@1.0.2
58 silly idealTree:prePrune ├── extsprintf@1.3.0
58 silly idealTree:prePrune ├── fancy-log@1.3.2
58 silly idealTree:prePrune ├── fast-deep-equal@1.1.0
58 silly idealTree:prePrune ├── fast-json-stable-stringify@2.0.0
58 silly idealTree:prePrune ├─┬ fill-range@4.0.0
58 silly idealTree:prePrune │ └── extend-shallow@2.0.1
58 silly idealTree:prePrune ├── finalhandler@1.1.1
58 silly idealTree:prePrune ├── find-index@0.1.1
58 silly idealTree:prePrune ├── findup-sync@2.0.0
58 silly idealTree:prePrune ├── fined@1.1.0
58 silly idealTree:prePrune ├── first-chunk-stream@1.0.0
58 silly idealTree:prePrune ├── flagged-respawn@1.0.0
58 silly idealTree:prePrune ├── for-in@1.0.2
58 silly idealTree:prePrune ├── for-own@1.0.0
58 silly idealTree:prePrune ├── forever-agent@0.6.1
58 silly idealTree:prePrune ├── form-data@2.3.2
58 silly idealTree:prePrune ├── forwarded@0.1.2
58 silly idealTree:prePrune ├── fragment-cache@0.2.1
58 silly idealTree:prePrune ├── fresh@0.5.2
58 silly idealTree:prePrune ├── gaze@0.5.2
58 silly idealTree:prePrune ├── get-value@2.0.6
58 silly idealTree:prePrune ├── getpass@0.1.7
58 silly idealTree:prePrune ├─┬ glob-stream@3.1.18
58 silly idealTree:prePrune │ ├── readable-stream@1.0.34
58 silly idealTree:prePrune │ └── through2@0.6.5
58 silly idealTree:prePrune ├── glob-watcher@0.0.6
58 silly idealTree:prePrune ├── glob@4.5.3
58 silly idealTree:prePrune ├── glob2base@0.0.12
58 silly idealTree:prePrune ├── global-modules@1.0.0
58 silly idealTree:prePrune ├── global-prefix@1.0.2
58 silly idealTree:prePrune ├─┬ globule@0.1.0
58 silly idealTree:prePrune │ ├── glob@3.1.21
58 silly idealTree:prePrune │ ├── graceful-fs@1.2.3
58 silly idealTree:prePrune │ ├── inherits@1.0.2
58 silly idealTree:prePrune │ └── minimatch@0.2.14
58 silly idealTree:prePrune ├── glogg@1.0.1
58 silly idealTree:prePrune ├── graceful-fs@3.0.11
58 silly idealTree:prePrune ├── gulp-install@1.1.0
58 silly idealTree:prePrune ├── gulp-util@3.0.8
58 silly idealTree:prePrune ├── gulp@3.9.1
58 silly idealTree:prePrune ├── gulplog@1.0.0
58 silly idealTree:prePrune ├── har-schema@2.0.0
58 silly idealTree:prePrune ├── har-validator@5.0.3
58 silly idealTree:prePrune ├── has-ansi@2.0.0
58 silly idealTree:prePrune ├── has-gulplog@0.1.0
58 silly idealTree:prePrune ├── has-value@1.0.0
58 silly idealTree:prePrune ├─┬ has-values@1.0.0
58 silly idealTree:prePrune │ └── kind-of@4.0.0
58 silly idealTree:prePrune ├── homedir-polyfill@1.0.1
58 silly idealTree:prePrune ├── http-errors@1.6.3
58 silly idealTree:prePrune ├── http-signature@1.2.0
58 silly idealTree:prePrune ├── iconv-lite@0.4.19
58 silly idealTree:prePrune ├── inflight@1.0.6
58 silly idealTree:prePrune ├── inherits@2.0.3
58 silly idealTree:prePrune ├── ini@1.3.5
58 silly idealTree:prePrune ├── interpret@1.1.0
58 silly idealTree:prePrune ├── ipaddr.js@1.6.0
58 silly idealTree:prePrune ├── is-absolute@1.0.0
58 silly idealTree:prePrune ├─┬ is-accessor-descriptor@0.1.6
58 silly idealTree:prePrune │ └── kind-of@3.2.2
58 silly idealTree:prePrune ├── is-buffer@1.1.6
58 silly idealTree:prePrune ├─┬ is-data-descriptor@0.1.4
58 silly idealTree:prePrune │ └── kind-of@3.2.2
58 silly idealTree:prePrune ├─┬ is-descriptor@0.1.6
58 silly idealTree:prePrune │ └── kind-of@5.1.0
58 silly idealTree:prePrune ├── is-extendable@0.1.1
58 silly idealTree:prePrune ├── is-extglob@2.1.1
58 silly idealTree:prePrune ├── is-glob@3.1.0
58 silly idealTree:prePrune ├─┬ is-number@3.0.0
58 silly idealTree:prePrune │ └── kind-of@3.2.2
58 silly idealTree:prePrune ├─┬ is-odd@2.0.0
58 silly idealTree:prePrune │ └── is-number@4.0.0
58 silly idealTree:prePrune ├── is-plain-object@2.0.4
58 silly idealTree:prePrune ├── is-relative@1.0.0
58 silly idealTree:prePrune ├── is-typedarray@1.0.0
58 silly idealTree:prePrune ├── is-unc-path@1.0.0
58 silly idealTree:prePrune ├── is-utf8@0.2.1
58 silly idealTree:prePrune ├── is-windows@1.0.2
58 silly idealTree:prePrune ├── isarray@0.0.1
58 silly idealTree:prePrune ├── isexe@2.0.0
58 silly idealTree:prePrune ├── isobject@3.0.1
58 silly idealTree:prePrune ├── isstream@0.1.2
58 silly idealTree:prePrune ├── jquery@3.3.1
58 silly idealTree:prePrune ├── jsbn@0.1.1
58 silly idealTree:prePrune ├── json-schema-traverse@0.3.1
58 silly idealTree:prePrune ├── json-schema@0.2.3
58 silly idealTree:prePrune ├── json-stringify-safe@5.0.1
58 silly idealTree:prePrune ├── jsprim@1.4.1
58 silly idealTree:prePrune ├── kind-of@6.0.2
58 silly idealTree:prePrune ├── liftoff@2.5.0
58 silly idealTree:prePrune ├── lodash._basecopy@3.0.1
58 silly idealTree:prePrune ├── lodash._basetostring@3.0.1
58 silly idealTree:prePrune ├── lodash._basevalues@3.0.0
58 silly idealTree:prePrune ├── lodash._getnative@3.9.1
58 silly idealTree:prePrune ├── lodash._isiterateecall@3.0.9
58 silly idealTree:prePrune ├── lodash._reescape@3.0.0
58 silly idealTree:prePrune ├── lodash._reevaluate@3.0.0
58 silly idealTree:prePrune ├── lodash._reinterpolate@3.0.0
58 silly idealTree:prePrune ├── lodash._root@3.0.1
58 silly idealTree:prePrune ├── lodash.escape@3.2.0
58 silly idealTree:prePrune ├── lodash.groupby@4.6.0
58 silly idealTree:prePrune ├── lodash.isarguments@3.1.0
58 silly idealTree:prePrune ├── lodash.isarray@3.0.4
58 silly idealTree:prePrune ├── lodash.keys@3.1.2
58 silly idealTree:prePrune ├── lodash.restparam@3.6.1
58 silly idealTree:prePrune ├── lodash.template@3.6.2
58 silly idealTree:prePrune ├── lodash.templatesettings@3.1.1
58 silly idealTree:prePrune ├── lodash@1.0.2
58 silly idealTree:prePrune ├── lru-cache@2.7.3
58 silly idealTree:prePrune ├── make-iterator@1.0.1
58 silly idealTree:prePrune ├── map-cache@0.2.2
58 silly idealTree:prePrune ├── map-visit@1.0.0
58 silly idealTree:prePrune ├── media-typer@0.3.0
58 silly idealTree:prePrune ├── merge-descriptors@1.0.1
58 silly idealTree:prePrune ├── methods@1.1.2
58 silly idealTree:prePrune ├── micromatch@3.1.10
58 silly idealTree:prePrune ├── mime-db@1.33.0
58 silly idealTree:prePrune ├── mime-types@2.1.18
58 silly idealTree:prePrune ├── mime@1.4.1
58 silly idealTree:prePrune ├── minimatch@2.0.10
58 silly idealTree:prePrune ├── minimist@1.2.0
58 silly idealTree:prePrune ├─┬ mixin-deep@1.3.1
58 silly idealTree:prePrune │ └── is-extendable@1.0.1
58 silly idealTree:prePrune ├─┬ mkdirp@0.5.1
58 silly idealTree:prePrune │ └── minimist@0.0.8
58 silly idealTree:prePrune ├── ms@2.0.0
58 silly idealTree:prePrune ├── multipipe@0.1.2
58 silly idealTree:prePrune ├── nanomatch@1.2.9
58 silly idealTree:prePrune ├── natives@1.1.4
58 silly idealTree:prePrune ├── negotiator@0.6.1
58 silly idealTree:prePrune ├── oauth-sign@0.8.2
58 silly idealTree:prePrune ├── object-assign@3.0.0
58 silly idealTree:prePrune ├─┬ object-copy@0.1.0
58 silly idealTree:prePrune │ ├── define-property@0.2.5
58 silly idealTree:prePrune │ └── kind-of@3.2.2
58 silly idealTree:prePrune ├── object-visit@1.0.1
58 silly idealTree:prePrune ├── object.defaults@1.1.0
58 silly idealTree:prePrune ├── object.map@1.0.1
58 silly idealTree:prePrune ├── object.pick@1.3.0
58 silly idealTree:prePrune ├── on-finished@2.3.0
58 silly idealTree:prePrune ├── once@1.3.3
58 silly idealTree:prePrune ├── orchestrator@0.3.8
58 silly idealTree:prePrune ├── ordered-read-streams@0.1.0
58 silly idealTree:prePrune ├── os-homedir@1.0.2
58 silly idealTree:prePrune ├── p-queue@1.2.0
58 silly idealTree:prePrune ├── parse-filepath@1.0.2
58 silly idealTree:prePrune ├── parse-passwd@1.0.0
58 silly idealTree:prePrune ├── parseurl@1.3.2
58 silly idealTree:prePrune ├── pascalcase@0.1.1
58 silly idealTree:prePrune ├── path-parse@1.0.5
58 silly idealTree:prePrune ├── path-root-regex@0.1.2
58 silly idealTree:prePrune ├── path-root@0.1.1
58 silly idealTree:prePrune ├── path-to-regexp@0.1.7
58 silly idealTree:prePrune ├── performance-now@2.1.0
58 silly idealTree:prePrune ├── posix-character-classes@0.1.1
58 silly idealTree:prePrune ├── pretty-hrtime@1.0.3
58 silly idealTree:prePrune ├── process-nextick-args@2.0.0
58 silly idealTree:prePrune ├── proxy-addr@2.0.3
58 silly idealTree:prePrune ├── punycode@1.4.1
58 silly idealTree:prePrune ├── qs@6.5.2
58 silly idealTree:prePrune ├── range-parser@1.2.0
58 silly idealTree:prePrune ├─┬ raw-body@2.3.2
58 silly idealTree:prePrune │ ├── depd@1.1.1
58 silly idealTree:prePrune │ ├── http-errors@1.6.2
58 silly idealTree:prePrune │ └── setprototypeof@1.0.3
58 silly idealTree:prePrune ├── readable-stream@1.1.14
58 silly idealTree:prePrune ├── rechoir@0.6.2
58 silly idealTree:prePrune ├── regex-not@1.0.2
58 silly idealTree:prePrune ├── repeat-element@1.1.2
58 silly idealTree:prePrune ├── repeat-string@1.6.1
58 silly idealTree:prePrune ├── replace-ext@0.0.1
58 silly idealTree:prePrune ├── request@2.87.0
58 silly idealTree:prePrune ├── resolve-dir@1.0.1
58 silly idealTree:prePrune ├── resolve-url@0.2.1
58 silly idealTree:prePrune ├── resolve@1.7.1
58 silly idealTree:prePrune ├── ret@0.1.15
58 silly idealTree:prePrune ├── router@1.3.2
58 silly idealTree:prePrune ├── safe-buffer@5.1.2
58 silly idealTree:prePrune ├── safe-regex@1.1.0
58 silly idealTree:prePrune ├── sass@1.5.0
58 silly idealTree:prePrune ├── semver@4.3.6
58 silly idealTree:prePrune ├── send@0.16.2
58 silly idealTree:prePrune ├── sequencify@0.0.7
58 silly idealTree:prePrune ├── serve-static@1.13.2
58 silly idealTree:prePrune ├─┬ set-value@2.0.0
58 silly idealTree:prePrune │ └── extend-shallow@2.0.1
58 silly idealTree:prePrune ├── setprototypeof@1.1.0
58 silly idealTree:prePrune ├── sigmund@1.0.1
58 silly idealTree:prePrune ├─┬ snapdragon-node@2.1.1
58 silly idealTree:prePrune │ ├── define-property@1.0.0
58 silly idealTree:prePrune │ ├── is-accessor-descriptor@1.0.0
58 silly idealTree:prePrune │ ├── is-data-descriptor@1.0.0
58 silly idealTree:prePrune │ └── is-descriptor@1.0.2
58 silly idealTree:prePrune ├─┬ snapdragon-util@3.0.1
58 silly idealTree:prePrune │ └── kind-of@3.2.2
58 silly idealTree:prePrune ├─┬ snapdragon@0.8.2
58 silly idealTree:prePrune │ ├── define-property@0.2.5
58 silly idealTree:prePrune │ └── extend-shallow@2.0.1
58 silly idealTree:prePrune ├── source-map-resolve@0.5.2
58 silly idealTree:prePrune ├── source-map-url@0.4.0
58 silly idealTree:prePrune ├── source-map@0.5.7
58 silly idealTree:prePrune ├── sparkles@1.0.1
58 silly idealTree:prePrune ├── split-string@3.1.0
58 silly idealTree:prePrune ├── sshpk@1.14.1
58 silly idealTree:prePrune ├─┬ static-extend@0.1.2
58 silly idealTree:prePrune │ └── define-property@0.2.5
58 silly idealTree:prePrune ├── statuses@1.4.0
58 silly idealTree:prePrune ├── stream-consume@0.1.1
58 silly idealTree:prePrune ├── string_decoder@0.10.31
58 silly idealTree:prePrune ├── strip-ansi@3.0.1
58 silly idealTree:prePrune ├── strip-bom@1.0.0
58 silly idealTree:prePrune ├── supports-color@2.0.0
58 silly idealTree:prePrune ├─┬ through2@2.0.3
58 silly idealTree:prePrune │ ├── isarray@1.0.0
58 silly idealTree:prePrune │ ├── readable-stream@2.3.6
58 silly idealTree:prePrune │ └── string_decoder@1.1.1
58 silly idealTree:prePrune ├── tildify@1.2.0
58 silly idealTree:prePrune ├── time-stamp@1.1.0
58 silly idealTree:prePrune ├─┬ to-object-path@0.3.0
58 silly idealTree:prePrune │ └── kind-of@3.2.2
58 silly idealTree:prePrune ├── to-regex-range@2.1.1
58 silly idealTree:prePrune ├── to-regex@3.0.2
58 silly idealTree:prePrune ├── tough-cookie@2.3.4
58 silly idealTree:prePrune ├── tunnel-agent@0.6.0
58 silly idealTree:prePrune ├── tweetnacl@0.14.5
58 silly idealTree:prePrune ├── type-is@1.6.16
58 silly idealTree:prePrune ├── unc-path-regex@0.1.2
58 silly idealTree:prePrune ├─┬ union-value@1.0.0
58 silly idealTree:prePrune │ ├── extend-shallow@2.0.1
58 silly idealTree:prePrune │ └── set-value@0.4.3
58 silly idealTree:prePrune ├── unique-stream@1.0.0
58 silly idealTree:prePrune ├── unpipe@1.0.0
58 silly idealTree:prePrune ├─┬ unset-value@1.0.0
58 silly idealTree:prePrune │ ├─┬ has-value@0.3.1
58 silly idealTree:prePrune │ │ └── isobject@2.1.0
58 silly idealTree:prePrune │ ├── has-values@0.1.4
58 silly idealTree:prePrune │ └── isarray@1.0.0
58 silly idealTree:prePrune ├── urix@0.1.0
58 silly idealTree:prePrune ├── use@3.1.0
58 silly idealTree:prePrune ├── user-home@1.1.1
58 silly idealTree:prePrune ├── util-deprecate@1.0.2
58 silly idealTree:prePrune ├── utils-merge@1.0.1
58 silly idealTree:prePrune ├── uuid@3.2.1
58 silly idealTree:prePrune ├── v8flags@2.1.1
58 silly idealTree:prePrune ├── vary@1.1.2
58 silly idealTree:prePrune ├── verror@1.10.0
58 silly idealTree:prePrune ├─┬ vinyl-fs@0.3.14
58 silly idealTree:prePrune │ ├── clone@0.2.0
58 silly idealTree:prePrune │ ├── readable-stream@1.0.34
58 silly idealTree:prePrune │ ├── through2@0.6.5
58 silly idealTree:prePrune │ └── vinyl@0.4.6
58 silly idealTree:prePrune ├── vinyl@0.5.3
58 silly idealTree:prePrune ├── which@1.3.1
58 silly idealTree:prePrune ├── wrappy@1.0.2
58 silly idealTree:prePrune └── xtend@4.0.1
59 silly loadIdealTree Finishing
60 silly currentTree beth
60 silly currentTree ├── accepts@1.3.5
60 silly currentTree ├── ajv@5.5.2
60 silly currentTree ├── ansi-gray@0.1.1
60 silly currentTree ├── ansi-regex@2.1.1
60 silly currentTree ├── ansi-styles@2.2.1
60 silly currentTree ├── ansi-wrap@0.1.0
60 silly currentTree ├── archy@1.0.0
60 silly currentTree ├── arr-diff@4.0.0
60 silly currentTree ├── arr-flatten@1.1.0
60 silly currentTree ├── arr-union@3.1.0
60 silly currentTree ├── array-differ@1.0.0
60 silly currentTree ├── array-each@1.0.1
60 silly currentTree ├── array-flatten@2.1.1
60 silly currentTree ├── array-slice@1.1.0
60 silly currentTree ├── array-uniq@1.0.3
60 silly currentTree ├── array-unique@0.3.2
60 silly currentTree ├── asn1@0.2.3
60 silly currentTree ├── assert-plus@1.0.0
60 silly currentTree ├── assign-symbols@1.0.0
60 silly currentTree ├── asynckit@0.4.0
60 silly currentTree ├── atob@2.1.1
60 silly currentTree ├── aws-sign2@0.7.0
60 silly currentTree ├── aws4@1.7.0
60 silly currentTree ├── balanced-match@1.0.0
60 silly currentTree ├─┬ base@0.11.2
60 silly currentTree │ ├── define-property@1.0.0
60 silly currentTree │ ├── is-accessor-descriptor@1.0.0
60 silly currentTree │ ├── is-data-descriptor@1.0.0
60 silly currentTree │ └── is-descriptor@1.0.2
60 silly currentTree ├── bcrypt-pbkdf@1.0.1
60 silly currentTree ├── beeper@1.1.1
60 silly currentTree ├─┬ body-parser@1.18.2
60 silly currentTree │ └── qs@6.5.1
60 silly currentTree ├── brace-expansion@1.1.11
60 silly currentTree ├─┬ braces@2.3.2
60 silly currentTree │ └── extend-shallow@2.0.1
60 silly currentTree ├── bytes@3.0.0
60 silly currentTree ├── cache-base@1.0.1
60 silly currentTree ├── caseless@0.12.0
60 silly currentTree ├── chalk@1.1.3
60 silly currentTree ├─┬ class-utils@0.3.6
60 silly currentTree │ └── define-property@0.2.5
60 silly currentTree ├── clone-stats@0.0.1
60 silly currentTree ├── clone@1.0.4
60 silly currentTree ├── co@4.6.0
60 silly currentTree ├── collection-visit@1.0.0
60 silly currentTree ├── color-support@1.1.3
60 silly currentTree ├── combined-stream@1.0.6
60 silly currentTree ├── component-emitter@1.2.1
60 silly currentTree ├── concat-map@0.0.1
60 silly currentTree ├── content-disposition@0.5.2
60 silly currentTree ├── content-type@1.0.4
60 silly currentTree ├── cookie-signature@1.0.6
60 silly currentTree ├── cookie@0.3.1
60 silly currentTree ├── copy-descriptor@0.1.1
60 silly currentTree ├── core-util-is@1.0.2
60 silly currentTree ├── curl@0.1.4
60 silly currentTree ├── dargs@5.1.0
60 silly currentTree ├── dashdash@1.14.1
60 silly currentTree ├── dateformat@2.2.0
60 silly currentTree ├── debug@2.6.9
60 silly currentTree ├── decode-uri-component@0.2.0
60 silly currentTree ├── defaults@1.0.3
60 silly currentTree ├─┬ define-property@2.0.2
60 silly currentTree │ ├── is-accessor-descriptor@1.0.0
60 silly currentTree │ ├── is-data-descriptor@1.0.0
60 silly currentTree │ └── is-descriptor@1.0.2
60 silly currentTree ├── delayed-stream@1.0.0
60 silly currentTree ├── depd@1.1.2
60 silly currentTree ├── deprecated@0.0.1
60 silly currentTree ├── destroy@1.0.4
60 silly currentTree ├── detect-file@1.0.0
60 silly currentTree ├── duplexer2@0.0.2
60 silly currentTree ├── ecc-jsbn@0.1.1
60 silly currentTree ├── ee-first@1.1.1
60 silly currentTree ├── encodeurl@1.0.2
60 silly currentTree ├── end-of-stream@0.1.5
60 silly currentTree ├── escape-html@1.0.3
60 silly currentTree ├── escape-string-regexp@1.0.5
60 silly currentTree ├── etag@1.8.1
60 silly currentTree ├─┬ expand-brackets@2.1.4
60 silly currentTree │ ├── define-property@0.2.5
60 silly currentTree │ └── extend-shallow@2.0.1
60 silly currentTree ├── expand-tilde@2.0.2
60 silly currentTree ├─┬ express@4.16.3
60 silly currentTree │ ├── array-flatten@1.1.1
60 silly currentTree │ ├── qs@6.5.1
60 silly currentTree │ └── safe-buffer@5.1.1
60 silly currentTree ├─┬ extend-shallow@3.0.2
60 silly currentTree │ └── is-extendable@1.0.1
60 silly currentTree ├── extend@3.0.1
60 silly currentTree ├─┬ extglob@2.0.4
60 silly currentTree │ ├── define-property@1.0.0
60 silly currentTree │ ├── extend-shallow@2.0.1
60 silly currentTree │ ├── is-accessor-descriptor@1.0.0
60 silly currentTree │ ├── is-data-descriptor@1.0.0
60 silly currentTree │ └── is-descriptor@1.0.2
60 silly currentTree ├── extsprintf@1.3.0
60 silly currentTree ├── fancy-log@1.3.2
60 silly currentTree ├── fast-deep-equal@1.1.0
60 silly currentTree ├── fast-json-stable-stringify@2.0.0
60 silly currentTree ├─┬ fill-range@4.0.0
60 silly currentTree │ └── extend-shallow@2.0.1
60 silly currentTree ├── finalhandler@1.1.1
60 silly currentTree ├── find-index@0.1.1
60 silly currentTree ├── findup-sync@2.0.0
60 silly currentTree ├── fined@1.1.0
60 silly currentTree ├── first-chunk-stream@1.0.0
60 silly currentTree ├── flagged-respawn@1.0.0
60 silly currentTree ├── for-in@1.0.2
60 silly currentTree ├── for-own@1.0.0
60 silly currentTree ├── forever-agent@0.6.1
60 silly currentTree ├── form-data@2.3.2
60 silly currentTree ├── forwarded@0.1.2
60 silly currentTree ├── fragment-cache@0.2.1
60 silly currentTree ├── fresh@0.5.2
60 silly currentTree ├── gaze@0.5.2
60 silly currentTree ├── get-value@2.0.6
60 silly currentTree ├── getpass@0.1.7
60 silly currentTree ├─┬ glob-stream@3.1.18
60 silly currentTree │ ├── readable-stream@1.0.34
60 silly currentTree │ └── through2@0.6.5
60 silly currentTree ├── glob-watcher@0.0.6
60 silly currentTree ├── glob@4.5.3
60 silly currentTree ├── glob2base@0.0.12
60 silly currentTree ├── global-modules@1.0.0
60 silly currentTree ├── global-prefix@1.0.2
60 silly currentTree ├─┬ globule@0.1.0
60 silly currentTree │ ├── glob@3.1.21
60 silly currentTree │ ├── graceful-fs@1.2.3
60 silly currentTree │ ├── inherits@1.0.2
60 silly currentTree │ └── minimatch@0.2.14
60 silly currentTree ├── glogg@1.0.1
60 silly currentTree ├── graceful-fs@3.0.11
60 silly currentTree ├── gulp-install@1.1.0
60 silly currentTree ├── gulp-util@3.0.8
60 silly currentTree ├── gulp@3.9.1
60 silly currentTree ├── gulplog@1.0.0
60 silly currentTree ├── har-schema@2.0.0
60 silly currentTree ├── har-validator@5.0.3
60 silly currentTree ├── has-ansi@2.0.0
60 silly currentTree ├── has-gulplog@0.1.0
60 silly currentTree ├── has-value@1.0.0
60 silly currentTree ├─┬ has-values@1.0.0
60 silly currentTree │ └── kind-of@4.0.0
60 silly currentTree ├── homedir-polyfill@1.0.1
60 silly currentTree ├── http-errors@1.6.3
60 silly currentTree ├── http-signature@1.2.0
60 silly currentTree ├── iconv-lite@0.4.19
60 silly currentTree ├── inflight@1.0.6
60 silly currentTree ├── inherits@2.0.3
60 silly currentTree ├── ini@1.3.5
60 silly currentTree ├── interpret@1.1.0
60 silly currentTree ├── ipaddr.js@1.6.0
60 silly currentTree ├── is-absolute@1.0.0
60 silly currentTree ├─┬ is-accessor-descriptor@0.1.6
60 silly currentTree │ └── kind-of@3.2.2
60 silly currentTree ├── is-buffer@1.1.6
60 silly currentTree ├─┬ is-data-descriptor@0.1.4
60 silly currentTree │ └── kind-of@3.2.2
60 silly currentTree ├─┬ is-descriptor@0.1.6
60 silly currentTree │ └── kind-of@5.1.0
60 silly currentTree ├── is-extendable@0.1.1
60 silly currentTree ├── is-extglob@2.1.1
60 silly currentTree ├── is-glob@3.1.0
60 silly currentTree ├─┬ is-number@3.0.0
60 silly currentTree │ └── kind-of@3.2.2
60 silly currentTree ├─┬ is-odd@2.0.0
60 silly currentTree │ └── is-number@4.0.0
60 silly currentTree ├── is-plain-object@2.0.4
60 silly currentTree ├── is-relative@1.0.0
60 silly currentTree ├── is-typedarray@1.0.0
60 silly currentTree ├── is-unc-path@1.0.0
60 silly currentTree ├── is-utf8@0.2.1
60 silly currentTree ├── is-windows@1.0.2
60 silly currentTree ├── isarray@0.0.1
60 silly currentTree ├── isexe@2.0.0
60 silly currentTree ├── isobject@3.0.1
60 silly currentTree ├── isstream@0.1.2
60 silly currentTree ├── jquery@3.3.1
60 silly currentTree ├── jsbn@0.1.1
60 silly currentTree ├── json-schema-traverse@0.3.1
60 silly currentTree ├── json-schema@0.2.3
60 silly currentTree ├── json-stringify-safe@5.0.1
60 silly currentTree ├── jsprim@1.4.1
60 silly currentTree ├── kind-of@6.0.2
60 silly currentTree ├── liftoff@2.5.0
60 silly currentTree ├── lodash._basecopy@3.0.1
60 silly currentTree ├── lodash._basetostring@3.0.1
60 silly currentTree ├── lodash._basevalues@3.0.0
60 silly currentTree ├── lodash._getnative@3.9.1
60 silly currentTree ├── lodash._isiterateecall@3.0.9
60 silly currentTree ├── lodash._reescape@3.0.0
60 silly currentTree ├── lodash._reevaluate@3.0.0
60 silly currentTree ├── lodash._reinterpolate@3.0.0
60 silly currentTree ├── lodash._root@3.0.1
60 silly currentTree ├── lodash.escape@3.2.0
60 silly currentTree ├── lodash.groupby@4.6.0
60 silly currentTree ├── lodash.isarguments@3.1.0
60 silly currentTree ├── lodash.isarray@3.0.4
60 silly currentTree ├── lodash.keys@3.1.2
60 silly currentTree ├── lodash.restparam@3.6.1
60 silly currentTree ├── lodash.template@3.6.2
60 silly currentTree ├── lodash.templatesettings@3.1.1
60 silly currentTree ├── lodash@1.0.2
60 silly currentTree ├── lru-cache@2.7.3
60 silly currentTree ├── make-iterator@1.0.1
60 silly currentTree ├── map-cache@0.2.2
60 silly currentTree ├── map-visit@1.0.0
60 silly currentTree ├── media-typer@0.3.0
60 silly currentTree ├── merge-descriptors@1.0.1
60 silly currentTree ├── methods@1.1.2
60 silly currentTree ├── micromatch@3.1.10
60 silly currentTree ├── mime-db@1.33.0
60 silly currentTree ├── mime-types@2.1.18
60 silly currentTree ├── mime@1.4.1
60 silly currentTree ├── minimatch@2.0.10
60 silly currentTree ├── minimist@1.2.0
60 silly currentTree ├─┬ mixin-deep@1.3.1
60 silly currentTree │ └── is-extendable@1.0.1
60 silly currentTree ├─┬ mkdirp@0.5.1
60 silly currentTree │ └── minimist@0.0.8
60 silly currentTree ├── ms@2.0.0
60 silly currentTree ├── multipipe@0.1.2
60 silly currentTree ├── nanomatch@1.2.9
60 silly currentTree ├── natives@1.1.4
60 silly currentTree ├── negotiator@0.6.1
60 silly currentTree ├── oauth-sign@0.8.2
60 silly currentTree ├── object-assign@3.0.0
60 silly currentTree ├─┬ object-copy@0.1.0
60 silly currentTree │ ├── define-property@0.2.5
60 silly currentTree │ └── kind-of@3.2.2
60 silly currentTree ├── object-visit@1.0.1
60 silly currentTree ├── object.defaults@1.1.0
60 silly currentTree ├── object.map@1.0.1
60 silly currentTree ├── object.pick@1.3.0
60 silly currentTree ├── on-finished@2.3.0
60 silly currentTree ├── once@1.3.3
60 silly currentTree ├── orchestrator@0.3.8
60 silly currentTree ├── ordered-read-streams@0.1.0
60 silly currentTree ├── os-homedir@1.0.2
60 silly currentTree ├── p-queue@1.2.0
60 silly currentTree ├── parse-filepath@1.0.2
60 silly currentTree ├── parse-passwd@1.0.0
60 silly currentTree ├── parseurl@1.3.2
60 silly currentTree ├── pascalcase@0.1.1
60 silly currentTree ├── path-parse@1.0.5
60 silly currentTree ├── path-root-regex@0.1.2
60 silly currentTree ├── path-root@0.1.1
60 silly currentTree ├── path-to-regexp@0.1.7
60 silly currentTree ├── performance-now@2.1.0
60 silly currentTree ├── posix-character-classes@0.1.1
60 silly currentTree ├── pretty-hrtime@1.0.3
60 silly currentTree ├── process-nextick-args@2.0.0
60 silly currentTree ├── proxy-addr@2.0.3
60 silly currentTree ├── punycode@1.4.1
60 silly currentTree ├── qs@6.5.2
60 silly currentTree ├── range-parser@1.2.0
60 silly currentTree ├─┬ raw-body@2.3.2
60 silly currentTree │ ├── depd@1.1.1
60 silly currentTree │ ├── http-errors@1.6.2
60 silly currentTree │ └── setprototypeof@1.0.3
60 silly currentTree ├── readable-stream@1.1.14
60 silly currentTree ├── rechoir@0.6.2
60 silly currentTree ├── regex-not@1.0.2
60 silly currentTree ├── repeat-element@1.1.2
60 silly currentTree ├── repeat-string@1.6.1
60 silly currentTree ├── replace-ext@0.0.1
60 silly currentTree ├── request@2.87.0
60 silly currentTree ├── resolve-dir@1.0.1
60 silly currentTree ├── resolve-url@0.2.1
60 silly currentTree ├── resolve@1.7.1
60 silly currentTree ├── ret@0.1.15
60 silly currentTree ├── router@1.3.2
60 silly currentTree ├── safe-buffer@5.1.2
60 silly currentTree ├── safe-regex@1.1.0
60 silly currentTree ├── sass@1.5.0
60 silly currentTree ├── semver@4.3.6
60 silly currentTree ├── send@0.16.2
60 silly currentTree ├── sequencify@0.0.7
60 silly currentTree ├── serve-static@1.13.2
60 silly currentTree ├─┬ set-value@2.0.0
60 silly currentTree │ └── extend-shallow@2.0.1
60 silly currentTree ├── setprototypeof@1.1.0
60 silly currentTree ├── sigmund@1.0.1
60 silly currentTree ├─┬ snapdragon-node@2.1.1
60 silly currentTree │ ├── define-property@1.0.0
60 silly currentTree │ ├── is-accessor-descriptor@1.0.0
60 silly currentTree │ ├── is-data-descriptor@1.0.0
60 silly currentTree │ └── is-descriptor@1.0.2
60 silly currentTree ├─┬ snapdragon-util@3.0.1
60 silly currentTree │ └── kind-of@3.2.2
60 silly currentTree ├─┬ snapdragon@0.8.2
60 silly currentTree │ ├── define-property@0.2.5
60 silly currentTree │ └── extend-shallow@2.0.1
60 silly currentTree ├── source-map-resolve@0.5.2
60 silly currentTree ├── source-map-url@0.4.0
60 silly currentTree ├── source-map@0.5.7
60 silly currentTree ├── sparkles@1.0.1
60 silly currentTree ├── split-string@3.1.0
60 silly currentTree ├── sshpk@1.14.1
60 silly currentTree ├─┬ static-extend@0.1.2
60 silly currentTree │ └── define-property@0.2.5
60 silly currentTree ├── statuses@1.4.0
60 silly currentTree ├── stream-consume@0.1.1
60 silly currentTree ├── string_decoder@0.10.31
60 silly currentTree ├── strip-ansi@3.0.1
60 silly currentTree ├── strip-bom@1.0.0
60 silly currentTree ├── supports-color@2.0.0
60 silly currentTree ├─┬ through2@2.0.3
60 silly currentTree │ ├── isarray@1.0.0
60 silly currentTree │ ├── readable-stream@2.3.6
60 silly currentTree │ └── string_decoder@1.1.1
60 silly currentTree ├── tildify@1.2.0
60 silly currentTree ├── time-stamp@1.1.0
60 silly currentTree ├─┬ to-object-path@0.3.0
60 silly currentTree │ └── kind-of@3.2.2
60 silly currentTree ├── to-regex-range@2.1.1
60 silly currentTree ├── to-regex@3.0.2
60 silly currentTree ├── tough-cookie@2.3.4
60 silly currentTree ├── tunnel-agent@0.6.0
60 silly currentTree ├── tweetnacl@0.14.5
60 silly currentTree ├── type-is@1.6.16
60 silly currentTree ├── unc-path-regex@0.1.2
60 silly currentTree ├─┬ union-value@1.0.0
60 silly currentTree │ ├── extend-shallow@2.0.1
60 silly currentTree │ └── set-value@0.4.3
60 silly currentTree ├── unique-stream@1.0.0
60 silly currentTree ├── unpipe@1.0.0
60 silly currentTree ├─┬ unset-value@1.0.0
60 silly currentTree │ ├─┬ has-value@0.3.1
60 silly currentTree │ │ └── isobject@2.1.0
60 silly currentTree │ ├── has-values@0.1.4
60 silly currentTree │ └── isarray@1.0.0
60 silly currentTree ├── urix@0.1.0
60 silly currentTree ├── use@3.1.0
60 silly currentTree ├── user-home@1.1.1
60 silly currentTree ├── util-deprecate@1.0.2
60 silly currentTree ├── utils-merge@1.0.1
60 silly currentTree ├── uuid@3.2.1
60 silly currentTree ├── v8flags@2.1.1
60 silly currentTree ├── vary@1.1.2
60 silly currentTree ├── verror@1.10.0
60 silly currentTree ├─┬ vinyl-fs@0.3.14
60 silly currentTree │ ├── clone@0.2.0
60 silly currentTree │ ├── readable-stream@1.0.34
60 silly currentTree │ ├── through2@0.6.5
60 silly currentTree │ └── vinyl@0.4.6
60 silly currentTree ├── vinyl@0.5.3
60 silly currentTree ├── which@1.3.1
60 silly currentTree ├── wrappy@1.0.2
60 silly currentTree └── xtend@4.0.1
61 silly idealTree beth
61 silly idealTree ├── accepts@1.3.5
61 silly idealTree ├── ajv@5.5.2
61 silly idealTree ├── ansi-gray@0.1.1
61 silly idealTree ├── ansi-regex@2.1.1
61 silly idealTree ├── ansi-styles@2.2.1
61 silly idealTree ├── ansi-wrap@0.1.0
61 silly idealTree ├── archy@1.0.0
61 silly idealTree ├── arr-diff@4.0.0
61 silly idealTree ├── arr-flatten@1.1.0
61 silly idealTree ├── arr-union@3.1.0
61 silly idealTree ├── array-differ@1.0.0
61 silly idealTree ├── array-each@1.0.1
61 silly idealTree ├── array-flatten@2.1.1
61 silly idealTree ├── array-slice@1.1.0
61 silly idealTree ├── array-uniq@1.0.3
61 silly idealTree ├── array-unique@0.3.2
61 silly idealTree ├── asn1@0.2.3
61 silly idealTree ├── assert-plus@1.0.0
61 silly idealTree ├── assign-symbols@1.0.0
61 silly idealTree ├── asynckit@0.4.0
61 silly idealTree ├── atob@2.1.1
61 silly idealTree ├── aws-sign2@0.7.0
61 silly idealTree ├── aws4@1.7.0
61 silly idealTree ├── balanced-match@1.0.0
61 silly idealTree ├─┬ base@0.11.2
61 silly idealTree │ ├── define-property@1.0.0
61 silly idealTree │ ├── is-accessor-descriptor@1.0.0
61 silly idealTree │ ├── is-data-descriptor@1.0.0
61 silly idealTree │ └── is-descriptor@1.0.2
61 silly idealTree ├── bcrypt-pbkdf@1.0.1
61 silly idealTree ├── beeper@1.1.1
61 silly idealTree ├─┬ body-parser@1.18.2
61 silly idealTree │ └── qs@6.5.1
61 silly idealTree ├── bootstrap@4.1.1
61 silly idealTree ├── brace-expansion@1.1.11
61 silly idealTree ├─┬ braces@2.3.2
61 silly idealTree │ └── extend-shallow@2.0.1
61 silly idealTree ├── bytes@3.0.0
61 silly idealTree ├── cache-base@1.0.1
61 silly idealTree ├── caseless@0.12.0
61 silly idealTree ├── chalk@1.1.3
61 silly idealTree ├─┬ class-utils@0.3.6
61 silly idealTree │ └── define-property@0.2.5
61 silly idealTree ├── clone-stats@0.0.1
61 silly idealTree ├── clone@1.0.4
61 silly idealTree ├── co@4.6.0
61 silly idealTree ├── collection-visit@1.0.0
61 silly idealTree ├── color-support@1.1.3
61 silly idealTree ├── combined-stream@1.0.6
61 silly idealTree ├── component-emitter@1.2.1
61 silly idealTree ├── concat-map@0.0.1
61 silly idealTree ├── content-disposition@0.5.2
61 silly idealTree ├── content-type@1.0.4
61 silly idealTree ├── cookie-signature@1.0.6
61 silly idealTree ├── cookie@0.3.1
61 silly idealTree ├── copy-descriptor@0.1.1
61 silly idealTree ├── core-util-is@1.0.2
61 silly idealTree ├── curl@0.1.4
61 silly idealTree ├── dargs@5.1.0
61 silly idealTree ├── dashdash@1.14.1
61 silly idealTree ├── dateformat@2.2.0
61 silly idealTree ├── debug@2.6.9
61 silly idealTree ├── decode-uri-component@0.2.0
61 silly idealTree ├── defaults@1.0.3
61 silly idealTree ├─┬ define-property@2.0.2
61 silly idealTree │ ├── is-accessor-descriptor@1.0.0
61 silly idealTree │ ├── is-data-descriptor@1.0.0
61 silly idealTree │ └── is-descriptor@1.0.2
61 silly idealTree ├── delayed-stream@1.0.0
61 silly idealTree ├── depd@1.1.2
61 silly idealTree ├── deprecated@0.0.1
61 silly idealTree ├── destroy@1.0.4
61 silly idealTree ├── detect-file@1.0.0
61 silly idealTree ├── duplexer2@0.0.2
61 silly idealTree ├── ecc-jsbn@0.1.1
61 silly idealTree ├── ee-first@1.1.1
61 silly idealTree ├── encodeurl@1.0.2
61 silly idealTree ├── end-of-stream@0.1.5
61 silly idealTree ├── escape-html@1.0.3
61 silly idealTree ├── escape-string-regexp@1.0.5
61 silly idealTree ├── etag@1.8.1
61 silly idealTree ├─┬ expand-brackets@2.1.4
61 silly idealTree │ ├── define-property@0.2.5
61 silly idealTree │ └── extend-shallow@2.0.1
61 silly idealTree ├── expand-tilde@2.0.2
61 silly idealTree ├─┬ express@4.16.3
61 silly idealTree │ ├── array-flatten@1.1.1
61 silly idealTree │ ├── qs@6.5.1
61 silly idealTree │ └── safe-buffer@5.1.1
61 silly idealTree ├─┬ extend-shallow@3.0.2
61 silly idealTree │ └── is-extendable@1.0.1
61 silly idealTree ├── extend@3.0.1
61 silly idealTree ├─┬ extglob@2.0.4
61 silly idealTree │ ├── define-property@1.0.0
61 silly idealTree │ ├── extend-shallow@2.0.1
61 silly idealTree │ ├── is-accessor-descriptor@1.0.0
61 silly idealTree │ ├── is-data-descriptor@1.0.0
61 silly idealTree │ └── is-descriptor@1.0.2
61 silly idealTree ├── extsprintf@1.3.0
61 silly idealTree ├── fancy-log@1.3.2
61 silly idealTree ├── fast-deep-equal@1.1.0
61 silly idealTree ├── fast-json-stable-stringify@2.0.0
61 silly idealTree ├─┬ fill-range@4.0.0
61 silly idealTree │ └── extend-shallow@2.0.1
61 silly idealTree ├── finalhandler@1.1.1
61 silly idealTree ├── find-index@0.1.1
61 silly idealTree ├── findup-sync@2.0.0
61 silly idealTree ├── fined@1.1.0
61 silly idealTree ├── first-chunk-stream@1.0.0
61 silly idealTree ├── flagged-respawn@1.0.0
61 silly idealTree ├── for-in@1.0.2
61 silly idealTree ├── for-own@1.0.0
61 silly idealTree ├── forever-agent@0.6.1
61 silly idealTree ├── form-data@2.3.2
61 silly idealTree ├── forwarded@0.1.2
61 silly idealTree ├── fragment-cache@0.2.1
61 silly idealTree ├── fresh@0.5.2
61 silly idealTree ├── gaze@0.5.2
61 silly idealTree ├── get-value@2.0.6
61 silly idealTree ├── getpass@0.1.7
61 silly idealTree ├─┬ glob-stream@3.1.18
61 silly idealTree │ ├── readable-stream@1.0.34
61 silly idealTree │ └── through2@0.6.5
61 silly idealTree ├── glob-watcher@0.0.6
61 silly idealTree ├── glob@4.5.3
61 silly idealTree ├── glob2base@0.0.12
61 silly idealTree ├── global-modules@1.0.0
61 silly idealTree ├── global-prefix@1.0.2
61 silly idealTree ├─┬ globule@0.1.0
61 silly idealTree │ ├── glob@3.1.21
61 silly idealTree │ ├── graceful-fs@1.2.3
61 silly idealTree │ ├── inherits@1.0.2
61 silly idealTree │ └── minimatch@0.2.14
61 silly idealTree ├── glogg@1.0.1
61 silly idealTree ├── graceful-fs@3.0.11
61 silly idealTree ├── gulp-install@1.1.0
61 silly idealTree ├── gulp-util@3.0.8
61 silly idealTree ├── gulp@3.9.1
61 silly idealTree ├── gulplog@1.0.0
61 silly idealTree ├── har-schema@2.0.0
61 silly idealTree ├── har-validator@5.0.3
61 silly idealTree ├── has-ansi@2.0.0
61 silly idealTree ├── has-gulplog@0.1.0
61 silly idealTree ├── has-value@1.0.0
61 silly idealTree ├─┬ has-values@1.0.0
61 silly idealTree │ └── kind-of@4.0.0
61 silly idealTree ├── homedir-polyfill@1.0.1
61 silly idealTree ├── http-errors@1.6.3
61 silly idealTree ├── http-signature@1.2.0
61 silly idealTree ├── iconv-lite@0.4.19
61 silly idealTree ├── inflight@1.0.6
61 silly idealTree ├── inherits@2.0.3
61 silly idealTree ├── ini@1.3.5
61 silly idealTree ├── interpret@1.1.0
61 silly idealTree ├── ipaddr.js@1.6.0
61 silly idealTree ├── is-absolute@1.0.0
61 silly idealTree ├─┬ is-accessor-descriptor@0.1.6
61 silly idealTree │ └── kind-of@3.2.2
61 silly idealTree ├── is-buffer@1.1.6
61 silly idealTree ├─┬ is-data-descriptor@0.1.4
61 silly idealTree │ └── kind-of@3.2.2
61 silly idealTree ├─┬ is-descriptor@0.1.6
61 silly idealTree │ └── kind-of@5.1.0
61 silly idealTree ├── is-extendable@0.1.1
61 silly idealTree ├── is-extglob@2.1.1
61 silly idealTree ├── is-glob@3.1.0
61 silly idealTree ├─┬ is-number@3.0.0
61 silly idealTree │ └── kind-of@3.2.2
61 silly idealTree ├─┬ is-odd@2.0.0
61 silly idealTree │ └── is-number@4.0.0
61 silly idealTree ├── is-plain-object@2.0.4
61 silly idealTree ├── is-relative@1.0.0
61 silly idealTree ├── is-typedarray@1.0.0
61 silly idealTree ├── is-unc-path@1.0.0
61 silly idealTree ├── is-utf8@0.2.1
61 silly idealTree ├── is-windows@1.0.2
61 silly idealTree ├── isarray@0.0.1
61 silly idealTree ├── isexe@2.0.0
61 silly idealTree ├── isobject@3.0.1
61 silly idealTree ├── isstream@0.1.2
61 silly idealTree ├── jquery@3.3.1
61 silly idealTree ├── jsbn@0.1.1
61 silly idealTree ├── json-schema-traverse@0.3.1
61 silly idealTree ├── json-schema@0.2.3
61 silly idealTree ├── json-stringify-safe@5.0.1
61 silly idealTree ├── jsprim@1.4.1
61 silly idealTree ├── kind-of@6.0.2
61 silly idealTree ├── liftoff@2.5.0
61 silly idealTree ├── lodash._basecopy@3.0.1
61 silly idealTree ├── lodash._basetostring@3.0.1
61 silly idealTree ├── lodash._basevalues@3.0.0
61 silly idealTree ├── lodash._getnative@3.9.1
61 silly idealTree ├── lodash._isiterateecall@3.0.9
61 silly idealTree ├── lodash._reescape@3.0.0
61 silly idealTree ├── lodash._reevaluate@3.0.0
61 silly idealTree ├── lodash._reinterpolate@3.0.0
61 silly idealTree ├── lodash._root@3.0.1
61 silly idealTree ├── lodash.escape@3.2.0
61 silly idealTree ├── lodash.groupby@4.6.0
61 silly idealTree ├── lodash.isarguments@3.1.0
61 silly idealTree ├── lodash.isarray@3.0.4
61 silly idealTree ├── lodash.keys@3.1.2
61 silly idealTree ├── lodash.restparam@3.6.1
61 silly idealTree ├── lodash.template@3.6.2
61 silly idealTree ├── lodash.templatesettings@3.1.1
61 silly idealTree ├── lodash@1.0.2
61 silly idealTree ├── lru-cache@2.7.3
61 silly idealTree ├── make-iterator@1.0.1
61 silly idealTree ├── map-cache@0.2.2
61 silly idealTree ├── map-visit@1.0.0
61 silly idealTree ├── media-typer@0.3.0
61 silly idealTree ├── merge-descriptors@1.0.1
61 silly idealTree ├── methods@1.1.2
61 silly idealTree ├── micromatch@3.1.10
61 silly idealTree ├── mime-db@1.33.0
61 silly idealTree ├── mime-types@2.1.18
61 silly idealTree ├── mime@1.4.1
61 silly idealTree ├── minimatch@2.0.10
61 silly idealTree ├── minimist@1.2.0
61 silly idealTree ├─┬ mixin-deep@1.3.1
61 silly idealTree │ └── is-extendable@1.0.1
61 silly idealTree ├─┬ mkdirp@0.5.1
61 silly idealTree │ └── minimist@0.0.8
61 silly idealTree ├── ms@2.0.0
61 silly idealTree ├── multipipe@0.1.2
61 silly idealTree ├── nanomatch@1.2.9
61 silly idealTree ├── natives@1.1.4
61 silly idealTree ├── negotiator@0.6.1
61 silly idealTree ├── oauth-sign@0.8.2
61 silly idealTree ├── object-assign@3.0.0
61 silly idealTree ├─┬ object-copy@0.1.0
61 silly idealTree │ ├── define-property@0.2.5
61 silly idealTree │ └── kind-of@3.2.2
61 silly idealTree ├── object-visit@1.0.1
61 silly idealTree ├── object.defaults@1.1.0
61 silly idealTree ├── object.map@1.0.1
61 silly idealTree ├── object.pick@1.3.0
61 silly idealTree ├── on-finished@2.3.0
61 silly idealTree ├── once@1.3.3
61 silly idealTree ├── orchestrator@0.3.8
61 silly idealTree ├── ordered-read-streams@0.1.0
61 silly idealTree ├── os-homedir@1.0.2
61 silly idealTree ├── p-queue@1.2.0
61 silly idealTree ├── parse-filepath@1.0.2
61 silly idealTree ├── parse-passwd@1.0.0
61 silly idealTree ├── parseurl@1.3.2
61 silly idealTree ├── pascalcase@0.1.1
61 silly idealTree ├── path-parse@1.0.5
61 silly idealTree ├── path-root-regex@0.1.2
61 silly idealTree ├── path-root@0.1.1
61 silly idealTree ├── path-to-regexp@0.1.7
61 silly idealTree ├── performance-now@2.1.0
61 silly idealTree ├── posix-character-classes@0.1.1
61 silly idealTree ├── pretty-hrtime@1.0.3
61 silly idealTree ├── process-nextick-args@2.0.0
61 silly idealTree ├── proxy-addr@2.0.3
61 silly idealTree ├── punycode@1.4.1
61 silly idealTree ├── qs@6.5.2
61 silly idealTree ├── range-parser@1.2.0
61 silly idealTree ├─┬ raw-body@2.3.2
61 silly idealTree │ ├── depd@1.1.1
61 silly idealTree │ ├── http-errors@1.6.2
61 silly idealTree │ └── setprototypeof@1.0.3
61 silly idealTree ├── readable-stream@1.1.14
61 silly idealTree ├── rechoir@0.6.2
61 silly idealTree ├── regex-not@1.0.2
61 silly idealTree ├── repeat-element@1.1.2
61 silly idealTree ├── repeat-string@1.6.1
61 silly idealTree ├── replace-ext@0.0.1
61 silly idealTree ├── request@2.87.0
61 silly idealTree ├── resolve-dir@1.0.1
61 silly idealTree ├── resolve-url@0.2.1
61 silly idealTree ├── resolve@1.7.1
61 silly idealTree ├── ret@0.1.15
61 silly idealTree ├── router@1.3.2
61 silly idealTree ├── safe-buffer@5.1.2
61 silly idealTree ├── safe-regex@1.1.0
61 silly idealTree ├── sass@1.5.0
61 silly idealTree ├── semver@4.3.6
61 silly idealTree ├── send@0.16.2
61 silly idealTree ├── sequencify@0.0.7
61 silly idealTree ├── serve-static@1.13.2
61 silly idealTree ├─┬ set-value@2.0.0
61 silly idealTree │ └── extend-shallow@2.0.1
61 silly idealTree ├── setprototypeof@1.1.0
61 silly idealTree ├── sigmund@1.0.1
61 silly idealTree ├─┬ snapdragon-node@2.1.1
61 silly idealTree │ ├── define-property@1.0.0
61 silly idealTree │ ├── is-accessor-descriptor@1.0.0
61 silly idealTree │ ├── is-data-descriptor@1.0.0
61 silly idealTree │ └── is-descriptor@1.0.2
61 silly idealTree ├─┬ snapdragon-util@3.0.1
61 silly idealTree │ └── kind-of@3.2.2
61 silly idealTree ├─┬ snapdragon@0.8.2
61 silly idealTree │ ├── define-property@0.2.5
61 silly idealTree │ └── extend-shallow@2.0.1
61 silly idealTree ├── source-map-resolve@0.5.2
61 silly idealTree ├── source-map-url@0.4.0
61 silly idealTree ├── source-map@0.5.7
61 silly idealTree ├── sparkles@1.0.1
61 silly idealTree ├── split-string@3.1.0
61 silly idealTree ├── sshpk@1.14.1
61 silly idealTree ├─┬ static-extend@0.1.2
61 silly idealTree │ └── define-property@0.2.5
61 silly idealTree ├── statuses@1.4.0
61 silly idealTree ├── stream-consume@0.1.1
61 silly idealTree ├── string_decoder@0.10.31
61 silly idealTree ├── strip-ansi@3.0.1
61 silly idealTree ├── strip-bom@1.0.0
61 silly idealTree ├── supports-color@2.0.0
61 silly idealTree ├─┬ through2@2.0.3
61 silly idealTree │ ├── isarray@1.0.0
61 silly idealTree │ ├── readable-stream@2.3.6
61 silly idealTree │ └── string_decoder@1.1.1
61 silly idealTree ├── tildify@1.2.0
61 silly idealTree ├── time-stamp@1.1.0
61 silly idealTree ├─┬ to-object-path@0.3.0
61 silly idealTree │ └── kind-of@3.2.2
61 silly idealTree ├── to-regex-range@2.1.1
61 silly idealTree ├── to-regex@3.0.2
61 silly idealTree ├── tough-cookie@2.3.4
61 silly idealTree ├── tunnel-agent@0.6.0
61 silly idealTree ├── tweetnacl@0.14.5
61 silly idealTree ├── type-is@1.6.16
61 silly idealTree ├── unc-path-regex@0.1.2
61 silly idealTree ├─┬ union-value@1.0.0
61 silly idealTree │ ├── extend-shallow@2.0.1
61 silly idealTree │ └── set-value@0.4.3
61 silly idealTree ├── unique-stream@1.0.0
61 silly idealTree ├── unpipe@1.0.0
61 silly idealTree ├─┬ unset-value@1.0.0
61 silly idealTree │ ├─┬ has-value@0.3.1
61 silly idealTree │ │ └── isobject@2.1.0
61 silly idealTree │ ├── has-values@0.1.4
61 silly idealTree │ └── isarray@1.0.0
61 silly idealTree ├── urix@0.1.0
61 silly idealTree ├── use@3.1.0
61 silly idealTree ├── user-home@1.1.1
61 silly idealTree ├── util-deprecate@1.0.2
61 silly idealTree ├── utils-merge@1.0.1
61 silly idealTree ├── uuid@3.2.1
61 silly idealTree ├── v8flags@2.1.1
61 silly idealTree ├── vary@1.1.2
61 silly idealTree ├── verror@1.10.0
61 silly idealTree ├─┬ vinyl-fs@0.3.14
61 silly idealTree │ ├── clone@0.2.0
61 silly idealTree │ ├── readable-stream@1.0.34
61 silly idealTree │ ├── through2@0.6.5
61 silly idealTree │ └── vinyl@0.4.6
61 silly idealTree ├── vinyl@0.5.3
61 silly idealTree ├── which@1.3.1
61 silly idealTree ├── wrappy@1.0.2
61 silly idealTree └── xtend@4.0.1
62 silly generateActionsToTake Starting
63 silly install generateActionsToTake
64 warn checkPermissions Missing write access to /home/beth/node_modules/curl
65 warn checkPermissions Missing write access to /home/beth/node_modules/gulp
66 warn checkPermissions Missing write access to /home/beth/node_modules/gulp-install
67 warn checkPermissions Missing write access to /home/beth/node_modules/jquery
68 warn checkPermissions Missing write access to /home/beth/node_modules/sass
69 silly rollbackFailedOptional Starting
70 silly rollbackFailedOptional Finishing
71 silly runTopLevelLifecycles Starting
72 silly runTopLevelLifecycles Finishing
73 silly install printInstalled
74 warn enoent ENOENT: no such file or directory, open '/home/beth/package.json'
75 warn bootstrap@4.1.1 requires a peer of popper.js@^1.14.3 but none was installed.
76 warn beth No description
77 warn beth No repository field.
78 warn beth No README data
79 warn beth No license field.
80 verbose stack Error: EACCES: permission denied, access '/home/beth/node_modules/curl'
80 verbose stack     at Error (native)
81 verbose cwd /home/beth/repos/project2
82 error Linux 4.13.0-43-generic
83 error argv "/usr/bin/nodejs" "/usr/bin/npm" "install" "bootstrap" "--save-dev"
84 error node v4.2.6
85 error npm  v3.5.2
86 error path /home/beth/node_modules/curl
87 error code EACCES
88 error errno -13
89 error syscall access
90 error Error: EACCES: permission denied, access '/home/beth/node_modules/curl'
90 error     at Error (native)
90 error  { [Error: EACCES: permission denied, access '/home/beth/node_modules/curl']
90 error   errno: -13,
90 error   code: 'EACCES',
90 error   syscall: 'access',
90 error   path: '/home/beth/node_modules/curl' }
91 error Please try running this command again as root/Administrator.
92 verbose exit [ -13, true ]
